# JRE version: Java(TM) SE Runtime Environment (8.0_311-b11) (build 1.8.0_311-b11)
# Java VM: Java HotSpot(TM) 64-Bit Server VM (25.311-b11 mixed mode windows-amd64 compressed oops)
Heap:
 PSYoungGen      total 125440K, used 123450K [0x000000076b580000, 0x0000000774600000, 0x00000007c0000000)
  eden space 118272K, 98% used [0x000000076b580000,0x0000000772751ec8,0x0000000772900000)
  from space 7168K, 96% used [0x0000000773f00000,0x00000007745bcbb8,0x0000000774600000)
  to   space 10752K, 0% used [0x0000000773100000,0x0000000773100000,0x0000000773b80000)
 ParOldGen       total 80896K, used 5863K [0x00000006c2000000, 0x00000006c6f00000, 0x000000076b580000)
  object space 80896K, 7% used [0x00000006c2000000,0x00000006c25b9d20,0x00000006c6f00000)
 Metaspace       used 33346K, capacity 35372K, committed 35496K, reserved 1079296K
  class space    used 4398K, capacity 4804K, committed 4912K, reserved 1048576K
GC Heap History (10 events):
Event: 1.291 GC heap before
{Heap before GC invocations=1 (full 0):
 PSYoungGen      total 75776K, used 65024K [0x000000076b580000, 0x0000000770a00000, 0x00000007c0000000)
  eden space 65024K, 100% used [0x000000076b580000,0x000000076f500000,0x000000076f500000)
  from space 10752K, 0% used [0x000000076ff80000,0x000000076ff80000,0x0000000770a00000)
  to   space 10752K, 0% used [0x000000076f500000,0x000000076f500000,0x000000076ff80000)
 ParOldGen       total 173568K, used 0K [0x00000006c2000000, 0x00000006cc980000, 0x000000076b580000)
  object space 173568K, 0% used [0x00000006c2000000,0x00000006c2000000,0x00000006cc980000)
 Metaspace       used 13769K, capacity 14354K, committed 14464K, reserved 1062912K
  class space    used 1736K, capacity 1889K, committed 1920K, reserved 1048576K
Event: 1.297 GC heap after
Heap after GC invocations=1 (full 0):
 PSYoungGen      total 75776K, used 7445K [0x000000076b580000, 0x0000000770a00000, 0x00000007c0000000)
  eden space 65024K, 0% used [0x000000076b580000,0x000000076b580000,0x000000076f500000)
  from space 10752K, 69% used [0x000000076f500000,0x000000076fc45478,0x000000076ff80000)
  to   space 10752K, 0% used [0x000000076ff80000,0x000000076ff80000,0x0000000770a00000)
 ParOldGen       total 173568K, used 16K [0x00000006c2000000, 0x00000006cc980000, 0x000000076b580000)
  object space 173568K, 0% used [0x00000006c2000000,0x00000006c2004000,0x00000006cc980000)
 Metaspace       used 13769K, capacity 14354K, committed 14464K, reserved 1062912K
  class space    used 1736K, capacity 1889K, committed 1920K, reserved 1048576K
}
Event: 1.620 GC heap before
{Heap before GC invocations=2 (full 0):
 PSYoungGen      total 75776K, used 72469K [0x000000076b580000, 0x0000000770a00000, 0x00000007c0000000)
  eden space 65024K, 100% used [0x000000076b580000,0x000000076f500000,0x000000076f500000)
  from space 10752K, 69% used [0x000000076f500000,0x000000076fc45478,0x000000076ff80000)
  to   space 10752K, 0% used [0x000000076ff80000,0x000000076ff80000,0x0000000770a00000)
 ParOldGen       total 173568K, used 16K [0x00000006c2000000, 0x00000006cc980000, 0x000000076b580000)
  object space 173568K, 0% used [0x00000006c2000000,0x00000006c2004160,0x00000006cc980000)
 Metaspace       used 20087K, capacity 21042K, committed 21248K, reserved 1067008K
  class space    used 2595K, capacity 2805K, committed 2816K, reserved 1048576K
Event: 1.627 GC heap after
Heap after GC invocations=2 (full 0):
 PSYoungGen      total 75776K, used 10724K [0x000000076b580000, 0x0000000774980000, 0x00000007c0000000)
  eden space 65024K, 0% used [0x000000076b580000,0x000000076b580000,0x000000076f500000)
  from space 10752K, 99% used [0x000000076ff80000,0x00000007709f93e8,0x0000000770a00000)
  to   space 10752K, 0% used [0x000000076f500000,0x000000076f500000,0x000000076ff80000)
 ParOldGen       total 173568K, used 110K [0x00000006c2000000, 0x00000006cc980000, 0x000000076b580000)
  object space 173568K, 0% used [0x00000006c2000000,0x00000006c201bb70,0x00000006cc980000)
 Metaspace       used 20087K, capacity 21042K, committed 21248K, reserved 1067008K
  class space    used 2595K, capacity 2805K, committed 2816K, reserved 1048576K
}
Event: 1.643 GC heap before
{Heap before GC invocations=3 (full 0):
 PSYoungGen      total 75776K, used 17127K [0x000000076b580000, 0x0000000774980000, 0x00000007c0000000)
  eden space 65024K, 9% used [0x000000076b580000,0x000000076bbc08b0,0x000000076f500000)
  from space 10752K, 99% used [0x000000076ff80000,0x00000007709f93e8,0x0000000770a00000)
  to   space 10752K, 0% used [0x000000076f500000,0x000000076f500000,0x000000076ff80000)
 ParOldGen       total 173568K, used 110K [0x00000006c2000000, 0x00000006cc980000, 0x000000076b580000)
  object space 173568K, 0% used [0x00000006c2000000,0x00000006c201bb70,0x00000006cc980000)
 Metaspace       used 20302K, capacity 21220K, committed 21296K, reserved 1067008K
  class space    used 2622K, capacity 2840K, committed 2864K, reserved 1048576K
Event: 1.647 GC heap after
Heap after GC invocations=3 (full 0):
 PSYoungGen      total 75776K, used 6035K [0x000000076b580000, 0x0000000774980000, 0x00000007c0000000)
  eden space 65024K, 0% used [0x000000076b580000,0x000000076b580000,0x000000076f500000)
  from space 10752K, 56% used [0x000000076f500000,0x000000076fae4fc8,0x000000076ff80000)
  to   space 10752K, 0% used [0x0000000773f00000,0x0000000773f00000,0x0000000774980000)
 ParOldGen       total 173568K, used 118K [0x00000006c2000000, 0x00000006cc980000, 0x000000076b580000)
  object space 173568K, 0% used [0x00000006c2000000,0x00000006c201db70,0x00000006cc980000)
 Metaspace       used 20302K, capacity 21220K, committed 21296K, reserved 1067008K
  class space    used 2622K, capacity 2840K, committed 2864K, reserved 1048576K
}
Event: 1.647 GC heap before
{Heap before GC invocations=4 (full 1):
 PSYoungGen      total 75776K, used 6035K [0x000000076b580000, 0x0000000774980000, 0x00000007c0000000)
  eden space 65024K, 0% used [0x000000076b580000,0x000000076b580000,0x000000076f500000)
  from space 10752K, 56% used [0x000000076f500000,0x000000076fae4fc8,0x000000076ff80000)
  to   space 10752K, 0% used [0x0000000773f00000,0x0000000773f00000,0x0000000774980000)
 ParOldGen       total 173568K, used 118K [0x00000006c2000000, 0x00000006cc980000, 0x000000076b580000)
  object space 173568K, 0% used [0x00000006c2000000,0x00000006c201db70,0x00000006cc980000)
 Metaspace       used 20302K, capacity 21220K, committed 21296K, reserved 1067008K
  class space    used 2622K, capacity 2840K, committed 2864K, reserved 1048576K
Event: 1.667 GC heap after
Heap after GC invocations=4 (full 1):
 PSYoungGen      total 75776K, used 0K [0x000000076b580000, 0x0000000774980000, 0x00000007c0000000)
  eden space 65024K, 0% used [0x000000076b580000,0x000000076b580000,0x000000076f500000)
  from space 10752K, 0% used [0x000000076f500000,0x000000076f500000,0x000000076ff80000)
  to   space 10752K, 0% used [0x0000000773f00000,0x0000000773f00000,0x0000000774980000)
 ParOldGen       total 80896K, used 5847K [0x00000006c2000000, 0x00000006c6f00000, 0x000000076b580000)
  object space 80896K, 7% used [0x00000006c2000000,0x00000006c25b5f98,0x00000006c6f00000)
 Metaspace       used 20302K, capacity 21220K, committed 21296K, reserved 1067008K
  class space    used 2622K, capacity 2840K, committed 2864K, reserved 1048576K
}
Event: 2.039 GC heap before
{Heap before GC invocations=5 (full 1):
 PSYoungGen      total 75776K, used 65024K [0x000000076b580000, 0x0000000774980000, 0x00000007c0000000)
  eden space 65024K, 100% used [0x000000076b580000,0x000000076f500000,0x000000076f500000)
  from space 10752K, 0% used [0x000000076f500000,0x000000076f500000,0x000000076ff80000)
  to   space 10752K, 0% used [0x0000000773f00000,0x0000000773f00000,0x0000000774980000)
 ParOldGen       total 80896K, used 5855K [0x00000006c2000000, 0x00000006c6f00000, 0x000000076b580000)
  object space 80896K, 7% used [0x00000006c2000000,0x00000006c25b7d20,0x00000006c6f00000)
 Metaspace       used 23727K, capacity 24888K, committed 25008K, reserved 1071104K
  class space    used 3139K, capacity 3398K, committed 3504K, reserved 1048576K
Event: 2.043 GC heap after
Heap after GC invocations=5 (full 1):
 PSYoungGen      total 125440K, used 6898K [0x000000076b580000, 0x0000000774600000, 0x00000007c0000000)
  eden space 118272K, 0% used [0x000000076b580000,0x000000076b580000,0x0000000772900000)
  from space 7168K, 96% used [0x0000000773f00000,0x00000007745bcbb8,0x0000000774600000)
  to   space 10752K, 0% used [0x0000000773100000,0x0000000773100000,0x0000000773b80000)
 ParOldGen       total 80896K, used 5863K [0x00000006c2000000, 0x00000006c6f00000, 0x000000076b580000)
  object space 80896K, 7% used [0x00000006c2000000,0x00000006c25b9d20,0x00000006c6f00000)
 Metaspace       used 23727K, capacity 24888K, committed 25008K, reserved 1071104K
  class space    used 3139K, capacity 3398K, committed 3504K, reserved 1048576K
}

